<?xml version="1.0" encoding="UTF-8"?>
<testsuite xmlns:xsi="http://www.w3.org/2001/XMLSchema-instance" xsi:noNamespaceSchemaLocation="https://maven.apache.org/surefire/maven-surefire-plugin/xsd/surefire-test-report-3.0.xsd" version="3.0" name="com.domain.system.SystemApplicationTests" time="39.535" tests="1" errors="0" skipped="0" failures="0">
  <properties>
[...]
</properties>
  <testcase name="contextLoads" classname="com.domain.system.SystemApplicationTests" time="1.639">
    <system-out><![CDATA[21:32:59.353 [main] INFO org.springframework.boot.devtools.restart.RestartApplicationListener -- Restart disabled due to context in which it is running

  .   ____          _            __ _ _
 /\\ / ___'_ __ _ _(_)_ __  __ _ \ \ \ \
( ( )\___ | '_ | '_| | '_ \/ _` | \ \ \ \
 \\/  ___)| |_)| | | | | || (_| |  ) ) ) )
  '  |____| .__|_| |_|_| |_\__, | / / / /
 =========|_|==============|___/=/_/_/_/
 :: Spring Boot ::               (v3.1.12)

2025-01-29T21:33:00.320-06:00  WARN 8520 --- [           main] ory$DuplicateJsonObjectContextCustomizer : 

Found multiple occurrences of org.json.JSONObject on the class path:

	jar:file:/C:/Users/juanc/.m2/repository/com/vaadin/external/google/android-json/0.0.20131108.vaadin1/android-json-0.0.20131108.vaadin1.jar!/org/json/JSONObject.class
	jar:file:/C:/Users/juanc/.m2/repository/org/json/json/20231013/json-20231013.jar!/org/json/JSONObject.class

You may wish to exclude one of them to ensure predictable runtime behavior

2025-01-29T21:33:00.408-06:00  INFO 8520 --- [           main] c.domain.system.SystemApplicationTests   : Starting SystemApplicationTests using Java 21 with PID 8520 (started by juanc in C:\ProyectosSpring\kamabye)
2025-01-29T21:33:00.410-06:00  INFO 8520 --- [           main] c.domain.system.SystemApplicationTests   : The following 1 profile is active: "postgresql"
2025-01-29T21:33:03.779-06:00  INFO 8520 --- [           main] .s.d.r.c.RepositoryConfigurationDelegate : Bootstrapping Spring Data JPA repositories in DEFAULT mode.
2025-01-29T21:33:04.285-06:00  INFO 8520 --- [           main] .s.d.r.c.RepositoryConfigurationDelegate : Finished Spring Data repository scanning in 476 ms. Found 7 JPA repository interfaces.
2025-01-29T21:33:06.942-06:00  INFO 8520 --- [           main] o.hibernate.jpa.internal.util.LogHelper  : HHH000204: Processing PersistenceUnitInfo [name: postgresql]
2025-01-29T21:33:07.268-06:00  INFO 8520 --- [           main] org.hibernate.Version                    : HHH000412: Hibernate ORM core version 6.2.25.Final
2025-01-29T21:33:07.279-06:00  INFO 8520 --- [           main] org.hibernate.cfg.Environment            : HHH000406: Using bytecode reflection optimizer
2025-01-29T21:33:08.687-06:00  INFO 8520 --- [           main] o.s.o.j.p.SpringPersistenceUnitInfo      : No LoadTimeWeaver setup: ignoring JPA class transformer
2025-01-29T21:33:08.801-06:00  INFO 8520 --- [           main] com.zaxxer.hikari.HikariDataSource       : HikariPool-1 - Starting...
2025-01-29T21:33:10.649-06:00  INFO 8520 --- [           main] com.zaxxer.hikari.pool.HikariPool        : HikariPool-1 - Added connection org.postgresql.jdbc.PgConnection@7b8b07ae
2025-01-29T21:33:10.655-06:00  INFO 8520 --- [           main] com.zaxxer.hikari.HikariDataSource       : HikariPool-1 - Start completed.
2025-01-29T21:33:10.810-06:00  WARN 8520 --- [           main] org.hibernate.orm.deprecation            : HHH90000025: PostgreSQLDialect does not need to be specified explicitly using 'hibernate.dialect' (remove the property setting and it will be selected by default)
2025-01-29T21:33:13.356-06:00  WARN 8520 --- [           main] org.hibernate.mapping.RootClass          : HHH000038: Composite-id class does not override equals(): com.system.domain.models.postgresql.CartItemID
2025-01-29T21:33:13.356-06:00  WARN 8520 --- [           main] org.hibernate.mapping.RootClass          : HHH000039: Composite-id class does not override hashCode(): com.system.domain.models.postgresql.CartItemID
2025-01-29T21:33:18.091-06:00  INFO 8520 --- [           main] o.h.e.t.j.p.i.JtaPlatformInitiator       : HHH000489: No JTA platform available (set 'hibernate.transaction.jta.platform' to enable JTA platform integration)
2025-01-29T21:33:20.381-06:00  INFO 8520 --- [           main] j.LocalContainerEntityManagerFactoryBean : Initialized JPA EntityManagerFactory for persistence unit 'postgresql'
2025-01-29T21:33:24.324-06:00  INFO 8520 --- [           main] o.s.d.j.r.query.QueryEnhancerFactory     : Hibernate is in classpath; If applicable, HQL parser will be used.
2025-01-29T21:33:31.906-06:00  WARN 8520 --- [           main] JpaBaseConfiguration$JpaWebConfiguration : spring.jpa.open-in-view is enabled by default. Therefore, database queries may be performed during view rendering. Explicitly configure spring.jpa.open-in-view to disable this warning
2025-01-29T21:33:33.033-06:00  INFO 8520 --- [           main] o.s.s.web.DefaultSecurityFilterChain     : Will secure any request with [org.springframework.security.web.session.DisableEncodeUrlFilter@246b2469, org.springframework.security.web.context.request.async.WebAsyncManagerIntegrationFilter@7e389cd6, org.springframework.security.web.context.SecurityContextHolderFilter@525efc8c, org.springframework.security.web.header.HeaderWriterFilter@d3fa0e1, org.springframework.security.web.authentication.logout.LogoutFilter@4b0fdbd7, com.system.domain.filters.JwtAuthenticationFilter@4d5196fd, org.springframework.security.web.savedrequest.RequestCacheAwareFilter@2df5fc0f, org.springframework.security.web.servletapi.SecurityContextHolderAwareRequestFilter@5c8ba2ed, org.springframework.security.web.authentication.AnonymousAuthenticationFilter@45c812b4, org.springframework.security.web.session.SessionManagementFilter@f5d20d8, org.springframework.security.web.access.ExceptionTranslationFilter@88432f5, org.springframework.security.web.access.intercept.AuthorizationFilter@52e10d07]
2025-01-29T21:33:33.081-06:00  WARN 8520 --- [           main] o.s.s.c.a.web.builders.WebSecurity       : 

********************************************************************
**********        Security debugging is enabled.       *************
**********    This may include sensitive information.  *************
**********      Do not use in a production system!     *************
********************************************************************


2025-01-29T21:33:35.614-06:00  INFO 8520 --- [           main] c.domain.system.SystemApplicationTests   : Started SystemApplicationTests in 36.316 seconds (process running for 39.855)
]]></system-out>
    <system-err><![CDATA[WARNING: A Java agent has been loaded dynamically (C:\Users\juanc\.m2\repository\net\bytebuddy\byte-buddy-agent\1.14.16\byte-buddy-agent-1.14.16.jar)
WARNING: If a serviceability tool is in use, please run with -XX:+EnableDynamicAgentLoading to hide this warning
WARNING: If a serviceability tool is not in use, please run with -Djdk.instrument.traceUsage for more information
WARNING: Dynamic loading of agents will be disallowed by default in a future release
]]></system-err>
  </testcase>
</testsuite>